<?xml version="1.0" encoding="UTF-8"?>
<testsuite name="ParseTest" tests="1" skipped="0" failures="0" errors="0" timestamp="2017-10-07T09:35:19" hostname="Stans-MacBook-Pro.local" time="0.006">
  <properties/>
  <testcase name="testAppHasAGreeting" classname="ParseTest" time="0.006"/>
  <system-out><![CDATA[]]></system-out>
  <system-err><![CDATA[]]></system-err>
</testsuite>
